<?xml version="1.0" encoding="UTF-8"?>
<!-- Generated by org.testng.reporters.JUnitReportReporter -->
<testsuite hostname="DESKTOP-A2RUCRK" failures="0" tests="4" name="testNg.ParameterizationExample" time="0.011" errors="0" timestamp="2022-09-20T16:38:48 IST" skipped="0">
  <testcase classname="testNg.ParameterizationExample" name="vivo2" time="0.003"/>
  <system-out/>
  <testcase classname="testNg.ParameterizationExample" name="apple2" time="0.003"/>
  <system-out/>
  <testcase classname="testNg.ParameterizationExample" name="vivo1" time="0.003"/>
  <system-out/>
  <testcase classname="testNg.ParameterizationExample" name="apple1" time="0.002"/>
  <system-out/>
</testsuite> <!-- testNg.ParameterizationExample -->
