<?xml version="1.0" encoding="UTF-8"?>
<!-- Generated by org.testng.reporters.JUnitReportReporter -->
<testsuite hostname="DESKTOP-A2RUCRK" failures="0" tests="5" name="testNg.Driveacar" time="0.065" errors="0" timestamp="2022-09-20T16:38:48 IST" skipped="0">
  <testcase classname="testNg.Driveacar" name="putfirstgear" time="0.004"/>
  <system-out/>
  <testcase classname="testNg.Driveacar" name="startthecar" time="0.017"/>
  <system-out/>
  <testcase classname="testNg.Driveacar" name="putsecondgear" time="0.037"/>
  <system-out/>
  <testcase classname="testNg.Driveacar" name="putthirdgear" time="0.004"/>
  <system-out/>
  <testcase classname="testNg.Driveacar" name="putfourthgear" time="0.003"/>
  <system-out/>
</testsuite> <!-- testNg.Driveacar -->
