<?xml version="1.0" encoding="UTF-8"?>
<!-- Generated by org.testng.reporters.JUnitReportReporter -->
<testsuite hostname="DESKTOP-A2RUCRK" failures="0" tests="2" name="testNg.ParallelTesting" time="39.326" errors="0" timestamp="2022-09-20T16:38:48 IST" skipped="0">
  <testcase classname="testNg.ParallelTesting" name="opengoogle" time="27.416"/>
  <system-out/>
  <testcase classname="testNg.ParallelTesting" name="openbing" time="11.910"/>
  <system-out/>
</testsuite> <!-- testNg.ParallelTesting -->
