<?xml version="1.0" encoding="UTF-8"?>
<!-- Generated by org.testng.reporters.JUnitReportReporter -->
<testsuite hostname="DESKTOP-A2RUCRK" failures="0" tests="4" name="testNg.Sampletestcase" time="0.031" errors="0" timestamp="2022-09-20T16:38:48 IST" skipped="0">
  <testcase classname="testNg.Sampletestcase" name="secondTetcase" time="0.002"/>
  <system-out/>
  <testcase classname="testNg.Sampletestcase" name="fourthTetcase" time="0.003"/>
  <system-out/>
  <testcase classname="testNg.Sampletestcase" name="firstTetcase" time="0.020"/>
  <system-out/>
  <testcase classname="testNg.Sampletestcase" name="thirdTetcase" time="0.006"/>
  <system-out/>
</testsuite> <!-- testNg.Sampletestcase -->
